Arguments: 
  D:\install\nodejs\node.exe D:\install\nodejs\node_global\node_modules\yarn\bin\yarn.js install

PATH: 
  C:\Users\`\bin;D:\install\git\Git\mingw64\bin;D:\install\git\Git\usr\local\bin;D:\install\git\Git\usr\bin;D:\install\git\Git\usr\bin;D:\install\git\Git\mingw64\bin;D:\install\git\Git\usr\bin;C:\Users\`\bin;C:\Program Files (x86)\Intel\iCLS Client;C:\Program Files\Intel\iCLS Client;C:\Program Files\Common Files\Microsoft Shared\Windows Live;C:\Program Files (x86)\Common Files\Microsoft Shared\Windows Live;C:\Windows\system32;C:\Windows;C:\Windows\System32\Wbem;C:\Windows\System32\WindowsPowerShell\v1.0;C:\Program Files (x86)\Windows Live\Shared;C:\Program Files (x86)\Intel\Intel(R) Management Engine Components\DAL;C:\Program Files\Intel\Intel(R) Management Engine Components\DAL;C:\Program Files (x86)\Intel\Intel(R) Management Engine Components\IPT;C:\Program Files\Intel\Intel(R) Management Engine Components\IPT;D:\软件\svn\bin;C;E:\Program Files\nodejs;C:\Program Files\VanDyke Software\Clients;D:\install\git\Git\cmd;D:\install\Calibre;D:\install\nodejs;D:\install\python\Scripts;D:\install\python;D:\install\nodejs\node_gloabl;C:\Users\`\AppData\Roaming\npm;D:\install\nodejs\node_global;D:\install\git\Git\usr\bin\vendor_perl;D:\install\git\Git\usr\bin\core_perl

Yarn version: 
  0.24.5

Node version: 
  6.10.3

Platform: 
  win32 x64

npm manifest: 
  {
    "name": "study",
    "version": "1.0.0",
    "description": "A Vue.js project",
    "author": "noko-lobin <289257852@qq.com>",
    "private": true,
    "scripts": {
      "dev": "node build/dev-server.js",
      "build": "node build/build.js",
      "test": "",
      "lint": "eslint --ext .js,.vue src",
      "start": "nodemon -- watch src -e html,vue,js,less build/build.js"
    },
    "dependencies": {
      "vue": "^1.0.21",
      "vue-router":"^0.7.13",
      "vue-resource": "^1.3.4",
      "babel-runtime": "^6.0.0",
      "better-scroll": "^0.1.7"
    },
    "devDependencies": {
      "babel-core": "^6.0.0",
      "babel-eslint": "^6.1.2",
      "babel-loader": "^6.0.0",
      "babel-plugin-transform-runtime": "^6.0.0",
      "babel-preset-es2015": "^6.0.0",
      "babel-preset-stage-2": "^6.0.0",
      "babel-register": "^6.0.0",
      "connect-history-api-fallback": "^1.1.0",
      "css-loader": "^0.23.0",
      "stylus": "^0.54.5",
      "stylus-loader": "^3.0.1",
      "eslint": "^2.10.2",
      "eslint-friendly-formatter": "^2.0.5",
      "eslint-loader": "^1.3.0",
      "eslint-plugin-html": "^1.3.0",
      "eslint-config-standard": "^5.1.0",
      "eslint-plugin-promise": "^1.0.8",
      "eslint-plugin-standard": "^1.3.2",
      "eventsource-polyfill": "^0.9.6",
      "express": "^4.13.3",
      "extract-text-webpack-plugin": "^1.0.1",
      "file-loader": "^0.8.4",
      "function-bind": "^1.0.2",
      "html-webpack-plugin": "^2.8.1",
      "http-proxy-middleware": "^0.12.0",
      "json-loader": "^0.5.4",
      "ora": "^0.2.0",
      "shelljs": "^0.6.0",
      "url-loader": "^0.5.7",
      "vue-hot-reload-api": "^1.2.0",
      "vue-html-loader": "^1.0.0",
      "vue-loader": "^8.3.0",
      "vue-style-loader": "^1.0.0",
      "webpack": "^1.12.2",
      "webpack-dev-middleware": "^1.4.0",
      "webpack-hot-middleware": "^2.6.0",
      "webpack-merge": "^0.8.3"
    }
  }

yarn manifest: 
  No manifest

Lockfile: 
  No lockfile

Trace: 
  Error: connect ETIMEDOUT 104.16.63.173:443
      at Object.exports._errnoException (util.js:1018:11)
      at exports._exceptionWithHostPort (util.js:1041:20)
      at TCPConnectWrap.afterConnect [as oncomplete] (net.js:1086:14)
